由于您没有提供具体的代码片段，我将随机选择第二项任务，为您生成一段实现登录流程和校验管理员权限的伪代码。

```python
# 登录流程伪代码

# 假设有一个用户数据库，存储用户名和密码
user_db = {
    'admin': 'admin123',
    'user1': 'password1'
}

# 登录函数
def login(username, password):
    if username in user_db and user_db[username] == password:
        return True
    else:
        return False

# 校验管理员权限函数
def check_admin(username):
    # 假设管理员的用户名是 'admin'
    return username == 'admin'

# 主程序
def main():
    # 用户输入用户名和密码
    username = input("请输入用户名: ")
    password = input("请输入密码: ")

    # 执行登录流程
    if login(username, password):
        print("登录成功！")
        # 校验是否为管理员
        if check_admin(username):
            print("您是管理员，拥有所有权限。")
        else:
            print("您是普通用户。")
    else:
        print("登录失败，用户名或密码错误。")

# 运行主程序
if __name__ == "__main__":
    main()
```

请注意，以上代码仅为伪代码，用于展示登录流程和管理员权限校验的基本逻辑。在实际应用中，密码不应以明文形式存储，而应使用加密存储，并且需要考虑更多的安全因素，如密码复杂度校验、登录尝试次数限制等。